build/app/intermediates/manifest_merge_blame_file/debug/manifest-merger-blame-debug-report.txt
1<?xml version="1.0" encoding="utf-8"?>
2<manifest xmlns:android="http://schemas.android.com/apk/res/android"
3    package="com.example.windowspos"
4    android:versionCode="1"
5    android:versionName="1.0.0" >
6
7    <uses-sdk
8        android:minSdkVersion="21"
9        android:targetSdkVersion="31" />
10    <!--
11         The INTERNET permission is required for development. Specifically,
12         the Flutter tool needs it to communicate with the running application
13         to allow setting breakpoints, to provide hot reload, etc.
14    -->
15    <uses-permission android:name="android.permission.INTERNET" />
15-->src\main\AndroidManifest.xml:3:5-67
15-->src\main\AndroidManifest.xml:3:22-64
16
17    <uses-feature
17-->[:flutter_pos_printer_platform] AndroidManifest.xml:9:5-11:36
18        android:name="android.hardware.bluetooth"
18-->[:flutter_pos_printer_platform] AndroidManifest.xml:10:9-50
19        android:required="false" />
19-->[:flutter_pos_printer_platform] AndroidManifest.xml:11:9-33
20
21    <uses-permission android:name="android.permission.ACCESS_FINE_LOCATION" />
21-->[:flutter_pos_printer_platform] AndroidManifest.xml:13:5-79
21-->[:flutter_pos_printer_platform] AndroidManifest.xml:13:22-76
22    <uses-permission android:name="android.permission.ACCESS_COARSE_LOCATION" /> <!-- BLUETOOTH PERMISSION -->
22-->[:flutter_pos_printer_platform] AndroidManifest.xml:14:5-81
22-->[:flutter_pos_printer_platform] AndroidManifest.xml:14:22-78
23    <!-- Request legacy Bluetooth permissions on older devices. -->
24    <uses-permission android:name="android.permission.BLUETOOTH" />
24-->[:flutter_pos_printer_platform] AndroidManifest.xml:17:5-68
24-->[:flutter_pos_printer_platform] AndroidManifest.xml:17:22-65
25    <uses-permission android:name="android.permission.BLUETOOTH_ADMIN" />
25-->[:flutter_pos_printer_platform] AndroidManifest.xml:18:5-74
25-->[:flutter_pos_printer_platform] AndroidManifest.xml:18:22-71
26    <!--
27         Needed only if your app looks for Bluetooth devices.
28             If your app doesn't use Bluetooth scan results to derive physical
29             location information, you can strongly assert that your app
30             doesn't derive physical location.
31    -->
32    <uses-permission android:name="android.permission.BLUETOOTH_SCAN" />
32-->[:flutter_pos_printer_platform] AndroidManifest.xml:25:5-73
32-->[:flutter_pos_printer_platform] AndroidManifest.xml:25:22-70
33    <!--
34      Needed only if your app makes the device discoverable to Bluetooth
35      devices.
36    -->
37    <uses-permission android:name="android.permission.BLUETOOTH_ADVERTISE" />
37-->[:flutter_pos_printer_platform] AndroidManifest.xml:30:5-78
37-->[:flutter_pos_printer_platform] AndroidManifest.xml:30:22-75
38    <!--
39         Needed only if your app communicates with already-paired Bluetooth
40           devices.
41    -->
42    <uses-permission android:name="android.permission.BLUETOOTH_CONNECT" />
42-->[:flutter_pos_printer_platform] AndroidManifest.xml:35:5-76
42-->[:flutter_pos_printer_platform] AndroidManifest.xml:35:22-73
43    <uses-permission android:name="android.permission.ACCESS_NETWORK_STATE" />
43-->[:network_info_plus] AndroidManifest.xml:9:5-79
43-->[:network_info_plus] AndroidManifest.xml:9:22-76
44    <uses-permission android:name="android.permission.ACCESS_WIFI_STATE" />
44-->[:network_info_plus] AndroidManifest.xml:10:5-76
44-->[:network_info_plus] AndroidManifest.xml:10:22-73
45    <uses-permission android:name="android.permission.CAMERA" />
45-->[:flutter_barcode_scanner] AndroidManifest.xml:9:5-65
45-->[:flutter_barcode_scanner] AndroidManifest.xml:9:22-62
46
47    <uses-feature android:name="android.hardware.camera" />
47-->[:flutter_barcode_scanner] AndroidManifest.xml:11:5-60
47-->[:flutter_barcode_scanner] AndroidManifest.xml:11:19-57
48
49    <uses-permission android:name="android.permission.FLASHLIGHT" />
49-->[:flutter_barcode_scanner] AndroidManifest.xml:13:5-69
49-->[:flutter_barcode_scanner] AndroidManifest.xml:13:22-66
50
51    <application
52        android:name="android.app.Application"
53        android:appComponentFactory="androidx.core.app.CoreComponentFactory"
53-->[androidx.core:core:1.6.0] AndroidManifest.xml:24:18-86
54        android:debuggable="true"
55        android:icon="@mipmap/ic_launcher"
56        android:label="windowspos"
57        android:largeHeap="true"
57-->[:flutter_barcode_scanner] AndroidManifest.xml:16:9-33
58        android:theme="@style/Theme.AppCompat.NoActionBar" >
58-->[:flutter_barcode_scanner] AndroidManifest.xml:17:9-59
59        <activity
60            android:name="com.example.windowspos.MainActivity"
61            android:configChanges="orientation|keyboardHidden|keyboard|screenSize|smallestScreenSize|locale|layoutDirection|fontScale|screenLayout|density|uiMode"
62            android:exported="true"
63            android:hardwareAccelerated="true"
64            android:launchMode="singleTop"
65            android:theme="@style/LaunchTheme"
66            android:windowSoftInputMode="adjustResize" >
67
68            <!--
69                 Specifies an Android theme to apply to this Activity as soon as
70                 the Android process has started. This theme is visible to the user
71                 while the Flutter UI initializes. After that, this theme continues
72                 to determine the Window background behind the Flutter UI.
73            -->
74            <meta-data
75                android:name="io.flutter.embedding.android.NormalTheme"
76                android:resource="@style/NormalTheme" />
77
78            <intent-filter>
79                <action android:name="android.intent.action.MAIN" />
80
81                <category android:name="android.intent.category.LAUNCHER" />
82            </intent-filter>
83        </activity>
84        <!--
85             Don't delete the meta-data below.
86             This is used by the Flutter tool to generate GeneratedPluginRegistrant.java
87        -->
88        <meta-data
89            android:name="flutterEmbedding"
90            android:value="2" />
91
92        <activity android:name="com.amolg.flutterbarcodescanner.BarcodeCaptureActivity" />
92-->[:flutter_barcode_scanner] AndroidManifest.xml:18:9-91
92-->[:flutter_barcode_scanner] AndroidManifest.xml:18:19-88
93        <activity
93-->[:url_launcher_android] AndroidManifest.xml:10:9-13:74
94            android:name="io.flutter.plugins.urllauncher.WebViewActivity"
94-->[:url_launcher_android] AndroidManifest.xml:11:13-74
95            android:exported="false"
95-->[:url_launcher_android] AndroidManifest.xml:12:13-37
96            android:theme="@android:style/Theme.NoTitleBar.Fullscreen" />
96-->[:url_launcher_android] AndroidManifest.xml:13:13-71
97
98        <provider
98-->[:printing] AndroidManifest.xml:10:9-18:20
99            android:name="net.nfet.flutter.printing.PrintFileProvider"
99-->[:printing] AndroidManifest.xml:11:13-71
100            android:authorities="com.example.windowspos.flutter.printing"
100-->[:printing] AndroidManifest.xml:12:13-68
101            android:exported="false"
101-->[:printing] AndroidManifest.xml:13:13-37
102            android:grantUriPermissions="true" >
102-->[:printing] AndroidManifest.xml:14:13-47
103            <meta-data
103-->[:printing] AndroidManifest.xml:15:13-17:71
104                android:name="android.support.FILE_PROVIDER_PATHS"
104-->[:printing] AndroidManifest.xml:16:17-67
105                android:resource="@xml/flutter_printing_file_paths" />
105-->[:printing] AndroidManifest.xml:17:17-68
106        </provider>
107
108        <uses-library
108-->[androidx.window:window:1.0.0-beta04] AndroidManifest.xml:25:9-27:40
109            android:name="androidx.window.extensions"
109-->[androidx.window:window:1.0.0-beta04] AndroidManifest.xml:26:13-54
110            android:required="false" />
110-->[androidx.window:window:1.0.0-beta04] AndroidManifest.xml:27:13-37
111        <uses-library
111-->[androidx.window:window:1.0.0-beta04] AndroidManifest.xml:28:9-30:40
112            android:name="androidx.window.sidecar"
112-->[androidx.window:window:1.0.0-beta04] AndroidManifest.xml:29:13-51
113            android:required="false" />
113-->[androidx.window:window:1.0.0-beta04] AndroidManifest.xml:30:13-37
114
115        <activity
115-->[com.google.android.gms:play-services-base:17.4.0] AndroidManifest.xml:23:9-26:75
116            android:name="com.google.android.gms.common.api.GoogleApiActivity"
116-->[com.google.android.gms:play-services-base:17.4.0] AndroidManifest.xml:24:13-79
117            android:exported="false"
117-->[com.google.android.gms:play-services-base:17.4.0] AndroidManifest.xml:25:13-37
118            android:theme="@android:style/Theme.Translucent.NoTitleBar" />
118-->[com.google.android.gms:play-services-base:17.4.0] AndroidManifest.xml:26:13-72
119
120        <meta-data
120-->[com.google.android.gms:play-services-basement:17.4.0] AndroidManifest.xml:23:9-25:69
121            android:name="com.google.android.gms.version"
121-->[com.google.android.gms:play-services-basement:17.4.0] AndroidManifest.xml:24:13-58
122            android:value="@integer/google_play_services_version" />
122-->[com.google.android.gms:play-services-basement:17.4.0] AndroidManifest.xml:25:13-66
123    </application>
124
125</manifest>